2025-07-15 10:36:55,293 NanoPlot 1.42.0 started with arguments Namespace(threads=4, verbose=False, store=False, raw=False, huge=False, outdir='NanoPlot_results/barcode09', no_static=False, prefix='', tsv_stats=False, only_report=False, info_in_report=False, maxlength=None, minlength=None, drop_outliers=False, downsample=None, loglength=True, percentqual=False, alength=False, minqual=None, runtime_until=None, readtype='1D', barcoded=False, no_supplementary=False, color='#4CB391', colormap='Greens', format=['png'], plots=['hex', 'dot', 'kde'], legacy=None, listcolors=False, listcolormaps=False, no_N50=False, N50=False, title=None, font_scale=1, dpi=100, hide_stats=False, fastq=['data/np_data/barcode09.fq.gz'], fasta=None, fastq_rich=None, fastq_minimal=None, summary=None, bam=None, ubam=None, cram=None, pickle=None, feather=None, path='NanoPlot_results/barcode09/')
2025-07-15 10:36:55,293 Python version is: 3.10.18 | packaged by conda-forge | (main, Jun  4 2025, 14:45:41) [GCC 13.3.0]
2025-07-15 10:36:55,302 Nanoget: Starting to collect statistics from plain fastq file.
2025-07-15 10:36:55,303 Nanoget: Decompressing gzipped fastq data/np_data/barcode09.fq.gz
2025-07-15 10:42:09,106 Reduced DataFrame memory usage from 10.8104248046875Mb to 10.8104248046875Mb
2025-07-15 10:42:09,141 Nanoget: Gathered all metrics of 708464 reads
2025-07-15 10:42:09,511 Calculated statistics
2025-07-15 10:42:09,511 Using sequenced read lengths for plotting.
2025-07-15 10:42:09,520 Using log10 scaled read lengths.
2025-07-15 10:42:09,730 Removed 4 artefactual reads with very short length and very high quality.
2025-07-15 10:42:10,026 Calculated statistics
2025-07-15 10:42:10,027 NanoPlot:  Valid color #4CB391.
2025-07-15 10:42:10,027 NanoPlot:  Valid colormap Greens.
2025-07-15 10:42:10,043 NanoPlot:  Creating length plots for Read length.
2025-07-15 10:42:10,043 NanoPlot:  Using 708460 reads maximum of 152436bp.
2025-07-15 10:42:10,954 Saved NanoPlot_results/barcode09/WeightedHistogramReadlength  as png (or png for --legacy)
2025-07-15 10:42:11,782 Saved NanoPlot_results/barcode09/WeightedLogTransformed_HistogramReadlength  as png (or png for --legacy)
2025-07-15 10:42:12,634 Saved NanoPlot_results/barcode09/Non_weightedHistogramReadlength  as png (or png for --legacy)
2025-07-15 10:42:13,435 Saved NanoPlot_results/barcode09/Non_weightedLogTransformed_HistogramReadlength  as png (or png for --legacy)
2025-07-15 10:42:14,876 Saved NanoPlot_results/barcode09/Yield_By_Length  as png (or png for --legacy)
2025-07-15 10:42:14,877 Created length plots
2025-07-15 10:42:14,885 NanoPlot: Creating Read lengths vs Average read quality plots using 708460 reads.
2025-07-15 10:42:16,364 Saved NanoPlot_results/barcode09/LengthvsQualityScatterPlot_dot  as png (or png for --legacy)
2025-07-15 10:42:18,498 Saved NanoPlot_results/barcode09/LengthvsQualityScatterPlot_kde  as png (or png for --legacy)
2025-07-15 10:42:18,517 NanoPlot: Creating Read lengths vs Average read quality plots using 708460 reads.
2025-07-15 10:42:20,036 Saved NanoPlot_results/barcode09/LengthvsQualityScatterPlot_loglength_dot  as png (or png for --legacy)
2025-07-15 10:42:22,226 Saved NanoPlot_results/barcode09/LengthvsQualityScatterPlot_loglength_kde  as png (or png for --legacy)
2025-07-15 10:42:22,226 Created LengthvsQual plot
2025-07-15 10:42:22,226 Writing html report.
2025-07-15 10:42:22,242 Finished!
