2025-07-15 10:42:24,124 NanoPlot 1.42.0 started with arguments Namespace(threads=4, verbose=False, store=False, raw=False, huge=False, outdir='NanoPlot_results/barcode12', no_static=False, prefix='', tsv_stats=False, only_report=False, info_in_report=False, maxlength=None, minlength=None, drop_outliers=False, downsample=None, loglength=True, percentqual=False, alength=False, minqual=None, runtime_until=None, readtype='1D', barcoded=False, no_supplementary=False, color='#4CB391', colormap='Greens', format=['png'], plots=['hex', 'dot', 'kde'], legacy=None, listcolors=False, listcolormaps=False, no_N50=False, N50=False, title=None, font_scale=1, dpi=100, hide_stats=False, fastq=['data/np_data/barcode12.fq.gz'], fasta=None, fastq_rich=None, fastq_minimal=None, summary=None, bam=None, ubam=None, cram=None, pickle=None, feather=None, path='NanoPlot_results/barcode12/')
2025-07-15 10:42:24,124 Python version is: 3.10.18 | packaged by conda-forge | (main, Jun  4 2025, 14:45:41) [GCC 13.3.0]
2025-07-15 10:42:24,133 Nanoget: Starting to collect statistics from plain fastq file.
2025-07-15 10:42:24,133 Nanoget: Decompressing gzipped fastq data/np_data/barcode12.fq.gz
2025-07-15 10:47:07,836 Reduced DataFrame memory usage from 11.053176879882812Mb to 11.053176879882812Mb
2025-07-15 10:47:07,873 Nanoget: Gathered all metrics of 724373 reads
2025-07-15 10:47:08,291 Calculated statistics
2025-07-15 10:47:08,291 Using sequenced read lengths for plotting.
2025-07-15 10:47:08,301 Using log10 scaled read lengths.
2025-07-15 10:47:08,437 Removed 1 artefactual reads with very short length and very high quality.
2025-07-15 10:47:08,757 Calculated statistics
2025-07-15 10:47:08,758 NanoPlot:  Valid color #4CB391.
2025-07-15 10:47:08,758 NanoPlot:  Valid colormap Greens.
2025-07-15 10:47:08,773 NanoPlot:  Creating length plots for Read length.
2025-07-15 10:47:08,774 NanoPlot:  Using 724372 reads maximum of 87319bp.
2025-07-15 10:47:09,594 Saved NanoPlot_results/barcode12/WeightedHistogramReadlength  as png (or png for --legacy)
2025-07-15 10:47:10,445 Saved NanoPlot_results/barcode12/WeightedLogTransformed_HistogramReadlength  as png (or png for --legacy)
2025-07-15 10:47:11,323 Saved NanoPlot_results/barcode12/Non_weightedHistogramReadlength  as png (or png for --legacy)
2025-07-15 10:47:12,116 Saved NanoPlot_results/barcode12/Non_weightedLogTransformed_HistogramReadlength  as png (or png for --legacy)
2025-07-15 10:47:13,468 Saved NanoPlot_results/barcode12/Yield_By_Length  as png (or png for --legacy)
2025-07-15 10:47:13,469 Created length plots
2025-07-15 10:47:13,473 NanoPlot: Creating Read lengths vs Average read quality plots using 724372 reads.
2025-07-15 10:47:14,940 Saved NanoPlot_results/barcode12/LengthvsQualityScatterPlot_dot  as png (or png for --legacy)
2025-07-15 10:47:17,107 Saved NanoPlot_results/barcode12/LengthvsQualityScatterPlot_kde  as png (or png for --legacy)
2025-07-15 10:47:17,124 NanoPlot: Creating Read lengths vs Average read quality plots using 724372 reads.
2025-07-15 10:47:18,698 Saved NanoPlot_results/barcode12/LengthvsQualityScatterPlot_loglength_dot  as png (or png for --legacy)
2025-07-15 10:47:20,821 Saved NanoPlot_results/barcode12/LengthvsQualityScatterPlot_loglength_kde  as png (or png for --legacy)
2025-07-15 10:47:20,822 Created LengthvsQual plot
2025-07-15 10:47:20,822 Writing html report.
2025-07-15 10:47:20,846 Finished!
