2025-07-15 10:29:03,388 NanoPlot 1.42.0 started with arguments Namespace(threads=4, verbose=False, store=False, raw=False, huge=False, outdir='NanoPlot_results/barcode04', no_static=False, prefix='', tsv_stats=False, only_report=False, info_in_report=False, maxlength=None, minlength=None, drop_outliers=False, downsample=None, loglength=True, percentqual=False, alength=False, minqual=None, runtime_until=None, readtype='1D', barcoded=False, no_supplementary=False, color='#4CB391', colormap='Greens', format=['png'], plots=['hex', 'dot', 'kde'], legacy=None, listcolors=False, listcolormaps=False, no_N50=False, N50=False, title=None, font_scale=1, dpi=100, hide_stats=False, fastq=['data/np_data/barcode04.fq.gz'], fasta=None, fastq_rich=None, fastq_minimal=None, summary=None, bam=None, ubam=None, cram=None, pickle=None, feather=None, path='NanoPlot_results/barcode04/')
2025-07-15 10:29:03,389 Python version is: 3.10.18 | packaged by conda-forge | (main, Jun  4 2025, 14:45:41) [GCC 13.3.0]
2025-07-15 10:29:03,397 Nanoget: Starting to collect statistics from plain fastq file.
2025-07-15 10:29:03,398 Nanoget: Decompressing gzipped fastq data/np_data/barcode04.fq.gz
2025-07-15 10:35:57,078 Reduced DataFrame memory usage from 16.048797607421875Mb to 16.048797607421875Mb
2025-07-15 10:35:57,127 Nanoget: Gathered all metrics of 1051766 reads
2025-07-15 10:35:57,698 Calculated statistics
2025-07-15 10:35:57,698 Using sequenced read lengths for plotting.
2025-07-15 10:35:57,711 Using log10 scaled read lengths.
2025-07-15 10:35:58,019 Removed 2 artefactual reads with very short length and very high quality.
2025-07-15 10:35:58,593 Calculated statistics
2025-07-15 10:35:58,594 NanoPlot:  Valid color #4CB391.
2025-07-15 10:35:58,594 NanoPlot:  Valid colormap Greens.
2025-07-15 10:35:58,617 NanoPlot:  Creating length plots for Read length.
2025-07-15 10:35:58,618 NanoPlot:  Using 1051764 reads maximum of 220636bp.
2025-07-15 10:35:59,704 Saved NanoPlot_results/barcode04/WeightedHistogramReadlength  as png (or png for --legacy)
2025-07-15 10:36:00,628 Saved NanoPlot_results/barcode04/WeightedLogTransformed_HistogramReadlength  as png (or png for --legacy)
2025-07-15 10:36:01,535 Saved NanoPlot_results/barcode04/Non_weightedHistogramReadlength  as png (or png for --legacy)
2025-07-15 10:36:02,448 Saved NanoPlot_results/barcode04/Non_weightedLogTransformed_HistogramReadlength  as png (or png for --legacy)
2025-07-15 10:36:03,965 Saved NanoPlot_results/barcode04/Yield_By_Length  as png (or png for --legacy)
2025-07-15 10:36:03,966 Created length plots
2025-07-15 10:36:03,973 NanoPlot: Creating Read lengths vs Average read quality plots using 1051764 reads.
2025-07-15 10:36:06,121 Saved NanoPlot_results/barcode04/LengthvsQualityScatterPlot_dot  as png (or png for --legacy)
2025-07-15 10:36:08,260 Saved NanoPlot_results/barcode04/LengthvsQualityScatterPlot_kde  as png (or png for --legacy)
2025-07-15 10:36:08,308 NanoPlot: Creating Read lengths vs Average read quality plots using 1051764 reads.
2025-07-15 10:36:09,960 Saved NanoPlot_results/barcode04/LengthvsQualityScatterPlot_loglength_dot  as png (or png for --legacy)
2025-07-15 10:36:12,195 Saved NanoPlot_results/barcode04/LengthvsQualityScatterPlot_loglength_kde  as png (or png for --legacy)
2025-07-15 10:36:12,196 Created LengthvsQual plot
2025-07-15 10:36:12,196 Writing html report.
2025-07-15 10:36:12,215 Finished!
