2025-07-15 10:36:14,230 NanoPlot 1.42.0 started with arguments Namespace(threads=4, verbose=False, store=False, raw=False, huge=False, outdir='NanoPlot_results/barcode05', no_static=False, prefix='', tsv_stats=False, only_report=False, info_in_report=False, maxlength=None, minlength=None, drop_outliers=False, downsample=None, loglength=True, percentqual=False, alength=False, minqual=None, runtime_until=None, readtype='1D', barcoded=False, no_supplementary=False, color='#4CB391', colormap='Greens', format=['png'], plots=['hex', 'dot', 'kde'], legacy=None, listcolors=False, listcolormaps=False, no_N50=False, N50=False, title=None, font_scale=1, dpi=100, hide_stats=False, fastq=['data/np_data/barcode05.fq.gz'], fasta=None, fastq_rich=None, fastq_minimal=None, summary=None, bam=None, ubam=None, cram=None, pickle=None, feather=None, path='NanoPlot_results/barcode05/')
2025-07-15 10:36:14,231 Python version is: 3.10.18 | packaged by conda-forge | (main, Jun  4 2025, 14:45:41) [GCC 13.3.0]
2025-07-15 10:36:14,239 Nanoget: Starting to collect statistics from plain fastq file.
2025-07-15 10:36:14,240 Nanoget: Decompressing gzipped fastq data/np_data/barcode05.fq.gz
2025-07-15 10:41:50,319 Reduced DataFrame memory usage from 11.440399169921875Mb to 11.440399169921875Mb
2025-07-15 10:41:50,358 Nanoget: Gathered all metrics of 749750 reads
2025-07-15 10:41:50,774 Calculated statistics
2025-07-15 10:41:50,775 Using sequenced read lengths for plotting.
2025-07-15 10:41:50,784 Using log10 scaled read lengths.
2025-07-15 10:41:50,968 NanoPlot:  Valid color #4CB391.
2025-07-15 10:41:50,969 NanoPlot:  Valid colormap Greens.
2025-07-15 10:41:50,985 NanoPlot:  Creating length plots for Read length.
2025-07-15 10:41:50,986 NanoPlot:  Using 749750 reads maximum of 307088bp.
2025-07-15 10:41:52,624 Saved NanoPlot_results/barcode05/WeightedHistogramReadlength  as png (or png for --legacy)
2025-07-15 10:41:53,519 Saved NanoPlot_results/barcode05/WeightedLogTransformed_HistogramReadlength  as png (or png for --legacy)
2025-07-15 10:41:54,412 Saved NanoPlot_results/barcode05/Non_weightedHistogramReadlength  as png (or png for --legacy)
2025-07-15 10:41:55,362 Saved NanoPlot_results/barcode05/Non_weightedLogTransformed_HistogramReadlength  as png (or png for --legacy)
2025-07-15 10:41:57,856 Saved NanoPlot_results/barcode05/Yield_By_Length  as png (or png for --legacy)
2025-07-15 10:41:57,856 Created length plots
2025-07-15 10:41:57,864 NanoPlot: Creating Read lengths vs Average read quality plots using 749750 reads.
2025-07-15 10:41:59,350 Saved NanoPlot_results/barcode05/LengthvsQualityScatterPlot_dot  as png (or png for --legacy)
2025-07-15 10:42:01,485 Saved NanoPlot_results/barcode05/LengthvsQualityScatterPlot_kde  as png (or png for --legacy)
2025-07-15 10:42:01,518 NanoPlot: Creating Read lengths vs Average read quality plots using 749750 reads.
2025-07-15 10:42:03,028 Saved NanoPlot_results/barcode05/LengthvsQualityScatterPlot_loglength_dot  as png (or png for --legacy)
2025-07-15 10:42:05,144 Saved NanoPlot_results/barcode05/LengthvsQualityScatterPlot_loglength_kde  as png (or png for --legacy)
2025-07-15 10:42:05,144 Created LengthvsQual plot
2025-07-15 10:42:05,144 Writing html report.
2025-07-15 10:42:05,152 Finished!
