2025-07-15 10:20:36,739 NanoPlot 1.42.0 started with arguments Namespace(threads=4, verbose=False, store=False, raw=False, huge=False, outdir='NanoPlot_results/barcode01', no_static=False, prefix='', tsv_stats=False, only_report=False, info_in_report=False, maxlength=None, minlength=None, drop_outliers=False, downsample=None, loglength=True, percentqual=False, alength=False, minqual=None, runtime_until=None, readtype='1D', barcoded=False, no_supplementary=False, color='#4CB391', colormap='Greens', format=['png'], plots=['hex', 'dot', 'kde'], legacy=None, listcolors=False, listcolormaps=False, no_N50=False, N50=False, title=None, font_scale=1, dpi=100, hide_stats=False, fastq=['data/np_data/barcode01.fq.gz'], fasta=None, fastq_rich=None, fastq_minimal=None, summary=None, bam=None, ubam=None, cram=None, pickle=None, feather=None, path='NanoPlot_results/barcode01/')
2025-07-15 10:20:36,739 Python version is: 3.10.18 | packaged by conda-forge | (main, Jun  4 2025, 14:45:41) [GCC 13.3.0]
2025-07-15 10:20:36,763 Nanoget: Starting to collect statistics from plain fastq file.
2025-07-15 10:20:36,763 Nanoget: Decompressing gzipped fastq data/np_data/barcode01.fq.gz
2025-07-15 10:31:04,951 Reduced DataFrame memory usage from 25.680877685546875Mb to 25.680877685546875Mb
2025-07-15 10:31:05,036 Nanoget: Gathered all metrics of 1683014 reads
2025-07-15 10:31:06,310 Calculated statistics
2025-07-15 10:31:06,310 Using sequenced read lengths for plotting.
2025-07-15 10:31:06,331 Using log10 scaled read lengths.
2025-07-15 10:31:06,848 Removed 7 artefactual reads with very short length and very high quality.
2025-07-15 10:31:07,637 Calculated statistics
2025-07-15 10:31:07,637 NanoPlot:  Valid color #4CB391.
2025-07-15 10:31:07,637 NanoPlot:  Valid colormap Greens.
2025-07-15 10:31:07,676 NanoPlot:  Creating length plots for Read length.
2025-07-15 10:31:07,677 NanoPlot:  Using 1683007 reads maximum of 477085bp.
2025-07-15 10:31:08,736 Saved NanoPlot_results/barcode01/WeightedHistogramReadlength  as png (or png for --legacy)
2025-07-15 10:31:09,772 Saved NanoPlot_results/barcode01/WeightedLogTransformed_HistogramReadlength  as png (or png for --legacy)
2025-07-15 10:31:10,748 Saved NanoPlot_results/barcode01/Non_weightedHistogramReadlength  as png (or png for --legacy)
2025-07-15 10:31:11,741 Saved NanoPlot_results/barcode01/Non_weightedLogTransformed_HistogramReadlength  as png (or png for --legacy)
2025-07-15 10:31:13,285 Saved NanoPlot_results/barcode01/Yield_By_Length  as png (or png for --legacy)
2025-07-15 10:31:13,286 Created length plots
2025-07-15 10:31:13,296 NanoPlot: Creating Read lengths vs Average read quality plots using 1683007 reads.
2025-07-15 10:31:14,862 Saved NanoPlot_results/barcode01/LengthvsQualityScatterPlot_dot  as png (or png for --legacy)
2025-07-15 10:31:17,038 Saved NanoPlot_results/barcode01/LengthvsQualityScatterPlot_kde  as png (or png for --legacy)
2025-07-15 10:31:17,047 NanoPlot: Creating Read lengths vs Average read quality plots using 1683007 reads.
2025-07-15 10:31:18,643 Saved NanoPlot_results/barcode01/LengthvsQualityScatterPlot_loglength_dot  as png (or png for --legacy)
2025-07-15 10:31:20,850 Saved NanoPlot_results/barcode01/LengthvsQualityScatterPlot_loglength_kde  as png (or png for --legacy)
2025-07-15 10:31:20,850 Created LengthvsQual plot
2025-07-15 10:31:20,850 Writing html report.
2025-07-15 10:31:20,860 Finished!
