2025-07-15 10:20:36,739 NanoPlot 1.42.0 started with arguments Namespace(threads=4, verbose=False, store=False, raw=False, huge=False, outdir='NanoPlot_results/barcode02', no_static=False, prefix='', tsv_stats=False, only_report=False, info_in_report=False, maxlength=None, minlength=None, drop_outliers=False, downsample=None, loglength=True, percentqual=False, alength=False, minqual=None, runtime_until=None, readtype='1D', barcoded=False, no_supplementary=False, color='#4CB391', colormap='Greens', format=['png'], plots=['hex', 'dot', 'kde'], legacy=None, listcolors=False, listcolormaps=False, no_N50=False, N50=False, title=None, font_scale=1, dpi=100, hide_stats=False, fastq=['data/np_data/barcode02.fq.gz'], fasta=None, fastq_rich=None, fastq_minimal=None, summary=None, bam=None, ubam=None, cram=None, pickle=None, feather=None, path='NanoPlot_results/barcode02/')
2025-07-15 10:20:36,739 Python version is: 3.10.18 | packaged by conda-forge | (main, Jun  4 2025, 14:45:41) [GCC 13.3.0]
2025-07-15 10:20:36,763 Nanoget: Starting to collect statistics from plain fastq file.
2025-07-15 10:20:36,763 Nanoget: Decompressing gzipped fastq data/np_data/barcode02.fq.gz
2025-07-15 10:29:59,243 Reduced DataFrame memory usage from 21.236907958984375Mb to 21.236907958984375Mb
2025-07-15 10:29:59,336 Nanoget: Gathered all metrics of 1391774 reads
2025-07-15 10:30:00,245 Calculated statistics
2025-07-15 10:30:00,245 Using sequenced read lengths for plotting.
2025-07-15 10:30:00,262 Using log10 scaled read lengths.
2025-07-15 10:30:00,612 Removed 2 artefactual reads with very short length and very high quality.
2025-07-15 10:30:01,251 Calculated statistics
2025-07-15 10:30:01,252 NanoPlot:  Valid color #4CB391.
2025-07-15 10:30:01,252 NanoPlot:  Valid colormap Greens.
2025-07-15 10:30:01,283 NanoPlot:  Creating length plots for Read length.
2025-07-15 10:30:01,284 NanoPlot:  Using 1391772 reads maximum of 124861bp.
2025-07-15 10:30:02,228 Saved NanoPlot_results/barcode02/WeightedHistogramReadlength  as png (or png for --legacy)
2025-07-15 10:30:03,068 Saved NanoPlot_results/barcode02/WeightedLogTransformed_HistogramReadlength  as png (or png for --legacy)
2025-07-15 10:30:03,943 Saved NanoPlot_results/barcode02/Non_weightedHistogramReadlength  as png (or png for --legacy)
2025-07-15 10:30:04,786 Saved NanoPlot_results/barcode02/Non_weightedLogTransformed_HistogramReadlength  as png (or png for --legacy)
2025-07-15 10:30:06,302 Saved NanoPlot_results/barcode02/Yield_By_Length  as png (or png for --legacy)
2025-07-15 10:30:06,303 Created length plots
2025-07-15 10:30:06,317 NanoPlot: Creating Read lengths vs Average read quality plots using 1391772 reads.
2025-07-15 10:30:07,846 Saved NanoPlot_results/barcode02/LengthvsQualityScatterPlot_dot  as png (or png for --legacy)
2025-07-15 10:30:09,965 Saved NanoPlot_results/barcode02/LengthvsQualityScatterPlot_kde  as png (or png for --legacy)
2025-07-15 10:30:09,981 NanoPlot: Creating Read lengths vs Average read quality plots using 1391772 reads.
2025-07-15 10:30:11,551 Saved NanoPlot_results/barcode02/LengthvsQualityScatterPlot_loglength_dot  as png (or png for --legacy)
2025-07-15 10:30:13,752 Saved NanoPlot_results/barcode02/LengthvsQualityScatterPlot_loglength_kde  as png (or png for --legacy)
2025-07-15 10:30:13,752 Created LengthvsQual plot
2025-07-15 10:30:13,752 Writing html report.
2025-07-15 10:30:13,775 Finished!
