2025-07-15 10:31:22,807 NanoPlot 1.42.0 started with arguments Namespace(threads=4, verbose=False, store=False, raw=False, huge=False, outdir='NanoPlot_results/barcode07', no_static=False, prefix='', tsv_stats=False, only_report=False, info_in_report=False, maxlength=None, minlength=None, drop_outliers=False, downsample=None, loglength=True, percentqual=False, alength=False, minqual=None, runtime_until=None, readtype='1D', barcoded=False, no_supplementary=False, color='#4CB391', colormap='Greens', format=['png'], plots=['hex', 'dot', 'kde'], legacy=None, listcolors=False, listcolormaps=False, no_N50=False, N50=False, title=None, font_scale=1, dpi=100, hide_stats=False, fastq=['data/np_data/barcode07.fq.gz'], fasta=None, fastq_rich=None, fastq_minimal=None, summary=None, bam=None, ubam=None, cram=None, pickle=None, feather=None, path='NanoPlot_results/barcode07/')
2025-07-15 10:31:22,807 Python version is: 3.10.18 | packaged by conda-forge | (main, Jun  4 2025, 14:45:41) [GCC 13.3.0]
2025-07-15 10:31:22,816 Nanoget: Starting to collect statistics from plain fastq file.
2025-07-15 10:31:22,816 Nanoget: Decompressing gzipped fastq data/np_data/barcode07.fq.gz
2025-07-15 10:37:36,118 Reduced DataFrame memory usage from 13.522293090820312Mb to 13.522293090820312Mb
2025-07-15 10:37:36,160 Nanoget: Gathered all metrics of 886189 reads
2025-07-15 10:37:36,731 Calculated statistics
2025-07-15 10:37:36,731 Using sequenced read lengths for plotting.
2025-07-15 10:37:36,742 Using log10 scaled read lengths.
2025-07-15 10:37:37,051 Removed 1 artefactual reads with very short length and very high quality.
2025-07-15 10:37:37,434 Calculated statistics
2025-07-15 10:37:37,434 NanoPlot:  Valid color #4CB391.
2025-07-15 10:37:37,434 NanoPlot:  Valid colormap Greens.
2025-07-15 10:37:37,453 NanoPlot:  Creating length plots for Read length.
2025-07-15 10:37:37,454 NanoPlot:  Using 886188 reads maximum of 84510bp.
2025-07-15 10:37:38,301 Saved NanoPlot_results/barcode07/WeightedHistogramReadlength  as png (or png for --legacy)
2025-07-15 10:37:39,223 Saved NanoPlot_results/barcode07/WeightedLogTransformed_HistogramReadlength  as png (or png for --legacy)
2025-07-15 10:37:40,094 Saved NanoPlot_results/barcode07/Non_weightedHistogramReadlength  as png (or png for --legacy)
2025-07-15 10:37:40,911 Saved NanoPlot_results/barcode07/Non_weightedLogTransformed_HistogramReadlength  as png (or png for --legacy)
2025-07-15 10:37:42,317 Saved NanoPlot_results/barcode07/Yield_By_Length  as png (or png for --legacy)
2025-07-15 10:37:42,317 Created length plots
2025-07-15 10:37:42,324 NanoPlot: Creating Read lengths vs Average read quality plots using 886188 reads.
2025-07-15 10:37:43,780 Saved NanoPlot_results/barcode07/LengthvsQualityScatterPlot_dot  as png (or png for --legacy)
2025-07-15 10:37:45,886 Saved NanoPlot_results/barcode07/LengthvsQualityScatterPlot_kde  as png (or png for --legacy)
2025-07-15 10:37:45,895 NanoPlot: Creating Read lengths vs Average read quality plots using 886188 reads.
2025-07-15 10:37:47,450 Saved NanoPlot_results/barcode07/LengthvsQualityScatterPlot_loglength_dot  as png (or png for --legacy)
2025-07-15 10:37:49,673 Saved NanoPlot_results/barcode07/LengthvsQualityScatterPlot_loglength_kde  as png (or png for --legacy)
2025-07-15 10:37:49,674 Created LengthvsQual plot
2025-07-15 10:37:49,674 Writing html report.
2025-07-15 10:37:49,686 Finished!
